<?xml version="1.0" encoding="UTF-8"?>
<coverage generated="1783344731098" clover="3.2.0">
  <project timestamp="1783344731098" name="All files">
    <metrics statements="211" coveredstatements="183" conditionals="102" coveredconditionals="79" methods="40" coveredmethods="37" elements="353" coveredelements="299" complexity="0" loc="211" ncloc="211" packages="7" files="12" classes="12"/>
    <package name="src">
      <metrics statements="35" coveredstatements="31" conditionals="11" coveredconditionals="3" methods="5" coveredmethods="4"/>
      <file name="app.js" path="C:\Users\jjddo\Desktop\CCP555\fragments-main\fragments-main\lab7\assignment-01\lab5\src\app.js">
        <metrics statements="22" coveredstatements="18" conditionals="6" coveredconditionals="0" methods="2" coveredmethods="1"/>
        <line num="1" count="4" type="stmt"/>
        <line num="2" count="4" type="stmt"/>
        <line num="3" count="4" type="stmt"/>
        <line num="4" count="4" type="stmt"/>
        <line num="5" count="4" type="stmt"/>
        <line num="8" count="4" type="stmt"/>
        <line num="10" count="4" type="stmt"/>
        <line num="13" count="4" type="stmt"/>
        <line num="16" count="4" type="stmt"/>
        <line num="19" count="4" type="stmt"/>
        <line num="24" count="4" type="stmt"/>
        <line num="30" count="4" type="stmt"/>
        <line num="33" count="4" type="stmt"/>
        <line num="36" count="4" type="stmt"/>
        <line num="37" count="1" type="stmt"/>
        <line num="38" count="1" type="stmt"/>
        <line num="42" count="4" type="stmt"/>
        <line num="43" count="0" type="stmt"/>
        <line num="46" count="0" type="stmt"/>
        <line num="47" count="0" type="stmt"/>
        <line num="50" count="0" type="cond" truecount="0" falsecount="2"/>
        <line num="55" count="4" type="stmt"/>
      </file>
      <file name="hash.js" path="C:\Users\jjddo\Desktop\CCP555\fragments-main\fragments-main\lab7\assignment-01\lab5\src\hash.js">
        <metrics statements="4" coveredstatements="4" conditionals="0" coveredconditionals="0" methods="1" coveredmethods="1"/>
        <line num="16" count="5" type="stmt"/>
        <line num="22" count="5" type="stmt"/>
        <line num="24" count="13" type="stmt"/>
        <line num="26" count="13" type="stmt"/>
      </file>
      <file name="logger.js" path="C:\Users\jjddo\Desktop\CCP555\fragments-main\fragments-main\lab7\assignment-01\lab5\src\logger.js">
        <metrics statements="5" coveredstatements="5" conditionals="4" coveredconditionals="3" methods="0" coveredmethods="0"/>
        <line num="2" count="4" type="stmt"/>
        <line num="5" count="4" type="stmt"/>
        <line num="10" count="4" type="cond" truecount="1" falsecount="1"/>
        <line num="11" count="4" type="stmt"/>
        <line num="20" count="4" type="stmt"/>
      </file>
      <file name="response.js" path="C:\Users\jjddo\Desktop\CCP555\fragments-main\fragments-main\lab7\assignment-01\lab5\src\response.js">
        <metrics statements="4" coveredstatements="4" conditionals="1" coveredconditionals="0" methods="2" coveredmethods="2"/>
        <line num="12" count="7" type="stmt"/>
        <line num="27" count="6" type="stmt"/>
        <line num="33" count="4" type="stmt"/>
        <line num="34" count="4" type="stmt"/>
      </file>
    </package>
    <package name="src.auth">
      <metrics statements="25" coveredstatements="21" conditionals="6" coveredconditionals="4" methods="4" coveredmethods="4"/>
      <file name="auth-middleware.js" path="C:\Users\jjddo\Desktop\CCP555\fragments-main\fragments-main\lab7\assignment-01\lab5\src\auth\auth-middleware.js">
        <metrics statements="15" coveredstatements="13" conditionals="4" coveredconditionals="3" methods="3" coveredmethods="3"/>
        <line num="1" count="4" type="stmt"/>
        <line num="3" count="4" type="stmt"/>
        <line num="4" count="4" type="stmt"/>
        <line num="5" count="4" type="stmt"/>
        <line num="11" count="4" type="stmt"/>
        <line num="12" count="4" type="stmt"/>
        <line num="21" count="13" type="cond" truecount="1" falsecount="1"/>
        <line num="22" count="0" type="stmt"/>
        <line num="23" count="0" type="stmt"/>
        <line num="27" count="13" type="cond" truecount="2" falsecount="0"/>
        <line num="28" count="3" type="stmt"/>
        <line num="32" count="10" type="stmt"/>
        <line num="33" count="10" type="stmt"/>
        <line num="36" count="10" type="stmt"/>
        <line num="41" count="13" type="stmt"/>
      </file>
      <file name="index.js" path="C:\Users\jjddo\Desktop\CCP555\fragments-main\fragments-main\lab7\assignment-01\lab5\src\auth\index.js">
        <metrics statements="10" coveredstatements="8" conditionals="2" coveredconditionals="1" methods="1" coveredmethods="1"/>
        <line num="2" count="4" type="stmt"/>
        <line num="3" count="4" type="stmt"/>
        <line num="5" count="4" type="stmt"/>
        <line num="7" count="10" type="cond" truecount="1" falsecount="1"/>
        <line num="8" count="0" type="stmt"/>
        <line num="11" count="10" type="stmt"/>
        <line num="12" count="10" type="stmt"/>
        <line num="14" count="10" type="stmt"/>
        <line num="16" count="0" type="stmt"/>
        <line num="21" count="4" type="stmt"/>
      </file>
    </package>
    <package name="src.model">
      <metrics statements="42" coveredstatements="41" conditionals="30" coveredconditionals="28" methods="12" coveredmethods="12"/>
      <file name="fragment.js" path="C:\Users\jjddo\Desktop\CCP555\fragments-main\fragments-main\lab7\assignment-01\lab5\src\model\fragment.js">
        <metrics statements="42" coveredstatements="41" conditionals="30" coveredconditionals="28" methods="12" coveredmethods="12"/>
        <line num="1" count="5" type="stmt"/>
        <line num="2" count="5" type="stmt"/>
        <line num="11" count="5" type="stmt"/>
        <line num="15" count="39" type="cond" truecount="2" falsecount="0"/>
        <line num="16" count="37" type="cond" truecount="2" falsecount="0"/>
        <line num="17" count="36" type="cond" truecount="2" falsecount="0"/>
        <line num="18" count="1" type="stmt"/>
        <line num="20" count="35" type="cond" truecount="4" falsecount="0"/>
        <line num="21" count="2" type="stmt"/>
        <line num="24" count="33" type="cond" truecount="2" falsecount="0"/>
        <line num="25" count="33" type="stmt"/>
        <line num="26" count="33" type="cond" truecount="2" falsecount="0"/>
        <line num="27" count="33" type="cond" truecount="2" falsecount="0"/>
        <line num="28" count="33" type="stmt"/>
        <line num="29" count="33" type="stmt"/>
        <line num="39" count="4" type="stmt"/>
        <line num="40" count="4" type="cond" truecount="4" falsecount="0"/>
        <line num="41" count="1" type="stmt"/>
        <line num="52" count="7" type="stmt"/>
        <line num="53" count="7" type="cond" truecount="2" falsecount="0"/>
        <line num="54" count="6" type="stmt"/>
        <line num="58" count="1" type="stmt"/>
        <line num="62" count="7" type="stmt"/>
        <line num="63" count="7" type="stmt"/>
        <line num="67" count="2" type="stmt"/>
        <line num="71" count="13" type="cond" truecount="2" falsecount="0"/>
        <line num="72" count="1" type="stmt"/>
        <line num="74" count="12" type="stmt"/>
        <line num="75" count="12" type="stmt"/>
        <line num="77" count="12" type="stmt"/>
        <line num="78" count="12" type="stmt"/>
        <line num="82" count="4" type="stmt"/>
        <line num="83" count="4" type="stmt"/>
        <line num="87" count="1" type="stmt"/>
        <line num="91" count="1" type="stmt"/>
        <line num="100" count="50" type="cond" truecount="1" falsecount="1"/>
        <line num="101" count="50" type="stmt"/>
        <line num="102" count="50" type="stmt"/>
        <line num="103" count="50" type="stmt"/>
        <line num="109" count="50" type="stmt"/>
        <line num="111" count="0" type="stmt"/>
        <line num="116" count="5" type="stmt"/>
      </file>
    </package>
    <package name="src.model.data">
      <metrics statements="1" coveredstatements="1" conditionals="0" coveredconditionals="0" methods="0" coveredmethods="0"/>
      <file name="index.js" path="C:\Users\jjddo\Desktop\CCP555\fragments-main\fragments-main\lab7\assignment-01\lab5\src\model\data\index.js">
        <metrics statements="1" coveredstatements="1" conditionals="0" coveredconditionals="0" methods="0" coveredmethods="0"/>
        <line num="1" count="5" type="stmt"/>
      </file>
    </package>
    <package name="src.model.data.memory">
      <metrics statements="48" coveredstatements="47" conditionals="33" coveredconditionals="29" methods="14" coveredmethods="14"/>
      <file name="index.js" path="C:\Users\jjddo\Desktop\CCP555\fragments-main\fragments-main\lab7\assignment-01\lab5\src\model\data\memory\index.js">
        <metrics statements="22" coveredstatements="21" conditionals="11" coveredconditionals="7" methods="8" coveredmethods="8"/>
        <line num="1" count="5" type="stmt"/>
        <line num="6" count="5" type="stmt"/>
        <line num="7" count="5" type="stmt"/>
        <line num="13" count="19" type="stmt"/>
        <line num="14" count="19" type="stmt"/>
        <line num="22" count="7" type="stmt"/>
        <line num="23" count="7" type="cond" truecount="2" falsecount="0"/>
        <line num="28" count="12" type="stmt"/>
        <line num="33" count="2" type="stmt"/>
        <line num="38" count="4" type="stmt"/>
        <line num="41" count="4" type="cond" truecount="1" falsecount="1"/>
        <line num="42" count="0" type="stmt"/>
        <line num="46" count="4" type="cond" truecount="2" falsecount="0"/>
        <line num="47" count="1" type="cond" truecount="1" falsecount="1"/>
        <line num="51" count="3" type="cond" truecount="1" falsecount="1"/>
        <line num="56" count="1" type="stmt"/>
        <line num="64" count="5" type="stmt"/>
        <line num="65" count="5" type="stmt"/>
        <line num="66" count="5" type="stmt"/>
        <line num="67" count="5" type="stmt"/>
        <line num="68" count="5" type="stmt"/>
        <line num="69" count="5" type="stmt"/>
      </file>
      <file name="memory-db.js" path="C:\Users\jjddo\Desktop\CCP555\fragments-main\fragments-main\lab7\assignment-01\lab5\src\model\data\memory\memory-db.js">
        <metrics statements="26" coveredstatements="26" conditionals="22" coveredconditionals="22" methods="6" coveredmethods="6"/>
        <line num="1" count="145" type="stmt"/>
        <line num="6" count="22" type="stmt"/>
        <line num="16" count="21" type="cond" truecount="4" falsecount="0"/>
        <line num="17" count="3" type="stmt"/>
        <line num="22" count="18" type="stmt"/>
        <line num="23" count="18" type="cond" truecount="2" falsecount="0"/>
        <line num="24" count="18" type="stmt"/>
        <line num="34" count="45" type="cond" truecount="4" falsecount="0"/>
        <line num="35" count="3" type="stmt"/>
        <line num="40" count="42" type="stmt"/>
        <line num="42" count="42" type="cond" truecount="2" falsecount="0"/>
        <line num="44" count="42" type="stmt"/>
        <line num="45" count="42" type="stmt"/>
        <line num="55" count="8" type="cond" truecount="2" falsecount="0"/>
        <line num="56" count="2" type="stmt"/>
        <line num="60" count="6" type="stmt"/>
        <line num="61" count="6" type="cond" truecount="2" falsecount="0"/>
        <line num="62" count="6" type="stmt"/>
        <line num="72" count="7" type="cond" truecount="4" falsecount="0"/>
        <line num="73" count="3" type="stmt"/>
        <line num="79" count="4" type="cond" truecount="2" falsecount="0"/>
        <line num="80" count="1" type="stmt"/>
        <line num="85" count="3" type="stmt"/>
        <line num="86" count="3" type="stmt"/>
        <line num="87" count="3" type="stmt"/>
        <line num="91" count="6" type="stmt"/>
      </file>
    </package>
    <package name="src.routes">
      <metrics statements="9" coveredstatements="7" conditionals="2" coveredconditionals="0" methods="1" coveredmethods="0"/>
      <file name="index.js" path="C:\Users\jjddo\Desktop\CCP555\fragments-main\fragments-main\lab7\assignment-01\lab5\src\routes\index.js">
        <metrics statements="9" coveredstatements="7" conditionals="2" coveredconditionals="0" methods="1" coveredmethods="0"/>
        <line num="1" count="4" type="stmt"/>
        <line num="4" count="4" type="stmt"/>
        <line num="7" count="4" type="stmt"/>
        <line num="10" count="4" type="stmt"/>
        <line num="16" count="4" type="stmt"/>
        <line num="22" count="4" type="stmt"/>
        <line num="23" count="0" type="stmt"/>
        <line num="24" count="0" type="stmt"/>
        <line num="31" count="4" type="stmt"/>
      </file>
    </package>
    <package name="src.routes.api">
      <metrics statements="51" coveredstatements="35" conditionals="20" coveredconditionals="15" methods="4" coveredmethods="3"/>
      <file name="index.js" path="C:\Users\jjddo\Desktop\CCP555\fragments-main\fragments-main\lab7\assignment-01\lab5\src\routes\api\index.js">
        <metrics statements="51" coveredstatements="35" conditionals="20" coveredconditionals="15" methods="4" coveredmethods="3"/>
        <line num="1" count="4" type="stmt"/>
        <line num="2" count="4" type="stmt"/>
        <line num="3" count="4" type="stmt"/>
        <line num="4" count="4" type="stmt"/>
        <line num="6" count="4" type="stmt"/>
        <line num="12" count="4" type="stmt"/>
        <line num="13" count="1" type="stmt"/>
        <line num="14" count="1" type="stmt"/>
        <line num="15" count="1" type="stmt"/>
        <line num="16" count="1" type="stmt"/>
        <line num="18" count="0" type="stmt"/>
        <line num="19" count="0" type="stmt"/>
        <line num="27" count="4" type="stmt"/>
        <line num="28" count="2" type="stmt"/>
        <line num="30" count="2" type="stmt"/>
        <line num="31" count="2" type="stmt"/>
        <line num="33" count="2" type="cond" truecount="1" falsecount="1"/>
        <line num="34" count="0" type="stmt"/>
        <line num="38" count="2" type="cond" truecount="4" falsecount="0"/>
        <line num="39" count="1" type="stmt"/>
        <line num="42" count="1" type="stmt"/>
        <line num="45" count="1" type="cond" truecount="3" falsecount="1"/>
        <line num="46" count="1" type="stmt"/>
        <line num="47" count="1" type="stmt"/>
        <line num="48" count="1" type="stmt"/>
        <line num="52" count="0" type="stmt"/>
        <line num="53" count="0" type="stmt"/>
        <line num="55" count="0" type="stmt"/>
        <line num="56" count="0" type="stmt"/>
        <line num="64" count="4" type="stmt"/>
        <line num="65" count="0" type="stmt"/>
        <line num="66" count="0" type="stmt"/>
        <line num="67" count="0" type="cond" truecount="0" falsecount="2"/>
        <line num="68" count="0" type="stmt"/>
        <line num="70" count="0" type="stmt"/>
        <line num="72" count="0" type="stmt"/>
        <line num="73" count="0" type="stmt"/>
        <line num="81" count="4" type="stmt"/>
        <line num="82" count="7" type="stmt"/>
        <line num="84" count="7" type="cond" truecount="2" falsecount="0"/>
        <line num="85" count="2" type="stmt"/>
        <line num="88" count="5" type="stmt"/>
        <line num="89" count="5" type="cond" truecount="2" falsecount="0"/>
        <line num="93" count="5" type="stmt"/>
        <line num="99" count="5" type="stmt"/>
        <line num="101" count="5" type="cond" truecount="2" falsecount="0"/>
        <line num="102" count="5" type="stmt"/>
        <line num="103" count="5" type="stmt"/>
        <line num="105" count="0" type="stmt"/>
        <line num="106" count="0" type="stmt"/>
        <line num="110" count="4" type="stmt"/>
      </file>
    </package>
  </project>
</coverage>
