{"C:\\Users\\jjddo\\Desktop\\CCP555\\fragments-main\\fragments-main\\lab7\\assignment-01\\lab5\\src\\app.js": {"path":"C:\\Users\\jjddo\\Desktop\\CCP555\\fragments-main\\fragments-main\\lab7\\assignment-01\\lab5\\src\\app.js","statementMap":{"0":{"start":{"line":1,"column":16},"end":{"line":1,"column":34}},"1":{"start":{"line":2,"column":13},"end":{"line":2,"column":28}},"2":{"start":{"line":3,"column":13},"end":{"line":3,"column":33}},"3":{"start":{"line":4,"column":17},"end":{"line":4,"column":36}},"4":{"start":{"line":5,"column":15},"end":{"line":5,"column":34}},"5":{"start":{"line":8,"column":0},"end":{"line":8,"column":18}},"6":{"start":{"line":10,"column":12},"end":{"line":10,"column":21}},"7":{"start":{"line":13,"column":0},"end":{"line":13,"column":26}},"8":{"start":{"line":16,"column":0},"end":{"line":16,"column":16}},"9":{"start":{"line":19,"column":0},"end":{"line":19,"column":24}},"10":{"start":{"line":24,"column":0},"end":{"line":27,"column":4}},"11":{"start":{"line":30,"column":0},"end":{"line":30,"column":31}},"12":{"start":{"line":33,"column":0},"end":{"line":33,"column":34}},"13":{"start":{"line":36,"column":0},"end":{"line":39,"column":3}},"14":{"start":{"line":37,"column":34},"end":{"line":37,"column":55}},"15":{"start":{"line":38,"column":2},"end":{"line":38,"column":71}},"16":{"start":{"line":42,"column":0},"end":{"line":53,"column":3}},"17":{"start":{"line":43,"column":34},"end":{"line":43,"column":55}},"18":{"start":{"line":46,"column":2},"end":{"line":46,"column":60}},"19":{"start":{"line":47,"column":2},"end":{"line":47,"column":59}},"20":{"start":{"line":50,"column":2},"end":{"line":52,"column":4}},"21":{"start":{"line":55,"column":0},"end":{"line":55,"column":21}}},"fnMap":{"0":{"name":"(anonymous_0)","decl":{"start":{"line":36,"column":8},"end":{"line":36,"column":9}},"loc":{"start":{"line":36,"column":22},"end":{"line":39,"column":1}},"line":36},"1":{"name":"(anonymous_1)","decl":{"start":{"line":42,"column":8},"end":{"line":42,"column":9}},"loc":{"start":{"line":42,"column":33},"end":{"line":53,"column":1}},"line":42}},"branchMap":{"0":{"loc":{"start":{"line":50,"column":13},"end":{"line":50,"column":30}},"type":"binary-expr","locations":[{"start":{"line":50,"column":13},"end":{"line":50,"column":23}},{"start":{"line":50,"column":27},"end":{"line":50,"column":30}}],"line":50},"1":{"loc":{"start":{"line":51,"column":24},"end":{"line":51,"column":41}},"type":"binary-expr","locations":[{"start":{"line":51,"column":24},"end":{"line":51,"column":34}},{"start":{"line":51,"column":38},"end":{"line":51,"column":41}}],"line":51},"2":{"loc":{"start":{"line":51,"column":43},"end":{"line":51,"column":84}},"type":"binary-expr","locations":[{"start":{"line":51,"column":43},"end":{"line":51,"column":54}},{"start":{"line":51,"column":58},"end":{"line":51,"column":84}}],"line":51}},"s":{"0":4,"1":4,"2":4,"3":4,"4":4,"5":4,"6":4,"7":4,"8":4,"9":4,"10":4,"11":4,"12":4,"13":4,"14":1,"15":1,"16":4,"17":0,"18":0,"19":0,"20":0,"21":4},"f":{"0":1,"1":0},"b":{"0":[0,0],"1":[0,0],"2":[0,0]},"_coverageSchema":"1a1c01bbd47fc00a2c39e90264f33305004495a9","hash":"9151224270a7f0949b49abadeea77647f1da64d4"}
,"C:\\Users\\jjddo\\Desktop\\CCP555\\fragments-main\\fragments-main\\lab7\\assignment-01\\lab5\\src\\hash.js": {"path":"C:\\Users\\jjddo\\Desktop\\CCP555\\fragments-main\\fragments-main\\lab7\\assignment-01\\lab5\\src\\hash.js","statementMap":{"0":{"start":{"line":16,"column":15},"end":{"line":16,"column":32}},"1":{"start":{"line":22,"column":0},"end":{"line":27,"column":2}},"2":{"start":{"line":24,"column":25},"end":{"line":24,"column":51}},"3":{"start":{"line":26,"column":2},"end":{"line":26,"column":74}}},"fnMap":{"0":{"name":"(anonymous_0)","decl":{"start":{"line":22,"column":17},"end":{"line":22,"column":18}},"loc":{"start":{"line":22,"column":28},"end":{"line":27,"column":1}},"line":22}},"branchMap":{},"s":{"0":5,"1":5,"2":13,"3":13},"f":{"0":13},"b":{},"_coverageSchema":"1a1c01bbd47fc00a2c39e90264f33305004495a9","hash":"a59d16b843e18a1bd262633ca870917d88b00ac1"}
,"C:\\Users\\jjddo\\Desktop\\CCP555\\fragments-main\\fragments-main\\lab7\\assignment-01\\lab5\\src\\logger.js": {"path":"C:\\Users\\jjddo\\Desktop\\CCP555\\fragments-main\\fragments-main\\lab7\\assignment-01\\lab5\\src\\logger.js","statementMap":{"0":{"start":{"line":2,"column":13},"end":{"line":2,"column":28}},"1":{"start":{"line":5,"column":16},"end":{"line":7,"column":1}},"2":{"start":{"line":10,"column":0},"end":{"line":17,"column":1}},"3":{"start":{"line":11,"column":2},"end":{"line":16,"column":4}},"4":{"start":{"line":20,"column":0},"end":{"line":20,"column":31}}},"fnMap":{},"branchMap":{"0":{"loc":{"start":{"line":6,"column":9},"end":{"line":6,"column":40}},"type":"binary-expr","locations":[{"start":{"line":6,"column":9},"end":{"line":6,"column":30}},{"start":{"line":6,"column":34},"end":{"line":6,"column":40}}],"line":6},"1":{"loc":{"start":{"line":10,"column":0},"end":{"line":17,"column":1}},"type":"if","locations":[{"start":{"line":10,"column":0},"end":{"line":17,"column":1}},{"start":{},"end":{}}],"line":10}},"s":{"0":4,"1":4,"2":4,"3":4,"4":4},"f":{},"b":{"0":[4,4],"1":[4,0]},"_coverageSchema":"1a1c01bbd47fc00a2c39e90264f33305004495a9","hash":"708ec9fd5f340adc4f73070310b1bbd2ad6982fe"}
,"C:\\Users\\jjddo\\Desktop\\CCP555\\fragments-main\\fragments-main\\lab7\\assignment-01\\lab5\\src\\response.js": {"path":"C:\\Users\\jjddo\\Desktop\\CCP555\\fragments-main\\fragments-main\\lab7\\assignment-01\\lab5\\src\\response.js","statementMap":{"0":{"start":{"line":12,"column":2},"end":{"line":18,"column":4}},"1":{"start":{"line":27,"column":2},"end":{"line":30,"column":4}},"2":{"start":{"line":33,"column":0},"end":{"line":33,"column":57}},"3":{"start":{"line":34,"column":0},"end":{"line":34,"column":61}}},"fnMap":{"0":{"name":"createErrorResponse","decl":{"start":{"line":11,"column":9},"end":{"line":11,"column":28}},"loc":{"start":{"line":11,"column":44},"end":{"line":19,"column":1}},"line":11},"1":{"name":"createSuccessResponse","decl":{"start":{"line":26,"column":9},"end":{"line":26,"column":30}},"loc":{"start":{"line":26,"column":42},"end":{"line":31,"column":1}},"line":26}},"branchMap":{"0":{"loc":{"start":{"line":26,"column":31},"end":{"line":26,"column":40}},"type":"default-arg","locations":[{"start":{"line":26,"column":38},"end":{"line":26,"column":40}}],"line":26}},"s":{"0":7,"1":6,"2":4,"3":4},"f":{"0":7,"1":6},"b":{"0":[0]},"_coverageSchema":"1a1c01bbd47fc00a2c39e90264f33305004495a9","hash":"14f3260b3e26b2980324878e3f57063f29e95130"}
,"C:\\Users\\jjddo\\Desktop\\CCP555\\fragments-main\\fragments-main\\lab7\\assignment-01\\lab5\\src\\auth\\auth-middleware.js": {"path":"C:\\Users\\jjddo\\Desktop\\CCP555\\fragments-main\\fragments-main\\lab7\\assignment-01\\lab5\\src\\auth\\auth-middleware.js","statementMap":{"0":{"start":{"line":1,"column":17},"end":{"line":1,"column":36}},"1":{"start":{"line":3,"column":32},"end":{"line":3,"column":54}},"2":{"start":{"line":4,"column":13},"end":{"line":4,"column":31}},"3":{"start":{"line":5,"column":15},"end":{"line":5,"column":35}},"4":{"start":{"line":11,"column":0},"end":{"line":43,"column":2}},"5":{"start":{"line":12,"column":2},"end":{"line":42,"column":4}},"6":{"start":{"line":21,"column":6},"end":{"line":24,"column":7}},"7":{"start":{"line":22,"column":8},"end":{"line":22,"column":58}},"8":{"start":{"line":23,"column":8},"end":{"line":23,"column":77}},"9":{"start":{"line":27,"column":6},"end":{"line":29,"column":7}},"10":{"start":{"line":28,"column":8},"end":{"line":28,"column":78}},"11":{"start":{"line":32,"column":6},"end":{"line":32,"column":29}},"12":{"start":{"line":33,"column":6},"end":{"line":33,"column":68}},"13":{"start":{"line":36,"column":6},"end":{"line":36,"column":13}},"14":{"start":{"line":41,"column":4},"end":{"line":41,"column":86}}},"fnMap":{"0":{"name":"(anonymous_0)","decl":{"start":{"line":11,"column":17},"end":{"line":11,"column":18}},"loc":{"start":{"line":11,"column":35},"end":{"line":43,"column":1}},"line":11},"1":{"name":"(anonymous_1)","decl":{"start":{"line":12,"column":9},"end":{"line":12,"column":10}},"loc":{"start":{"line":12,"column":35},"end":{"line":42,"column":3}},"line":12},"2":{"name":"callback","decl":{"start":{"line":19,"column":13},"end":{"line":19,"column":21}},"loc":{"start":{"line":19,"column":34},"end":{"line":37,"column":5}},"line":19}},"branchMap":{"0":{"loc":{"start":{"line":21,"column":6},"end":{"line":24,"column":7}},"type":"if","locations":[{"start":{"line":21,"column":6},"end":{"line":24,"column":7}},{"start":{},"end":{}}],"line":21},"1":{"loc":{"start":{"line":27,"column":6},"end":{"line":29,"column":7}},"type":"if","locations":[{"start":{"line":27,"column":6},"end":{"line":29,"column":7}},{"start":{},"end":{}}],"line":27}},"s":{"0":4,"1":4,"2":4,"3":4,"4":4,"5":4,"6":13,"7":0,"8":0,"9":13,"10":3,"11":10,"12":10,"13":10,"14":13},"f":{"0":4,"1":13,"2":13},"b":{"0":[0,13],"1":[3,10]},"_coverageSchema":"1a1c01bbd47fc00a2c39e90264f33305004495a9","hash":"7b47b9d14f03fddd67438706997b81c8586ebd3d"}
,"C:\\Users\\jjddo\\Desktop\\CCP555\\fragments-main\\fragments-main\\lab7\\assignment-01\\lab5\\src\\auth\\index.js": {"path":"C:\\Users\\jjddo\\Desktop\\CCP555\\fragments-main\\fragments-main\\lab7\\assignment-01\\lab5\\src\\auth\\index.js","statementMap":{"0":{"start":{"line":2,"column":17},"end":{"line":2,"column":36}},"1":{"start":{"line":3,"column":23},"end":{"line":3,"column":63}},"2":{"start":{"line":5,"column":0},"end":{"line":19,"column":2}},"3":{"start":{"line":7,"column":4},"end":{"line":9,"column":5}},"4":{"start":{"line":8,"column":6},"end":{"line":8,"column":66}},"5":{"start":{"line":11,"column":4},"end":{"line":17,"column":5}},"6":{"start":{"line":12,"column":20},"end":{"line":12,"column":38}},"7":{"start":{"line":14,"column":6},"end":{"line":14,"column":31}},"8":{"start":{"line":16,"column":6},"end":{"line":16,"column":25}},"9":{"start":{"line":21,"column":0},"end":{"line":21,"column":26}}},"fnMap":{"0":{"name":"(anonymous_0)","decl":{"start":{"line":6,"column":21},"end":{"line":6,"column":22}},"loc":{"start":{"line":6,"column":38},"end":{"line":18,"column":3}},"line":6}},"branchMap":{"0":{"loc":{"start":{"line":7,"column":4},"end":{"line":9,"column":5}},"type":"if","locations":[{"start":{"line":7,"column":4},"end":{"line":9,"column":5}},{"start":{},"end":{}}],"line":7}},"s":{"0":4,"1":4,"2":4,"3":10,"4":0,"5":10,"6":10,"7":10,"8":0,"9":4},"f":{"0":10},"b":{"0":[0,10]},"_coverageSchema":"1a1c01bbd47fc00a2c39e90264f33305004495a9","hash":"88539cd8dd86dde84d952009c96adc5f404ab6fb"}
,"C:\\Users\\jjddo\\Desktop\\CCP555\\fragments-main\\fragments-main\\lab7\\assignment-01\\lab5\\src\\model\\fragment.js": {"path":"C:\\Users\\jjddo\\Desktop\\CCP555\\fragments-main\\fragments-main\\lab7\\assignment-01\\lab5\\src\\model\\fragment.js","statementMap":{"0":{"start":{"line":1,"column":23},"end":{"line":1,"column":40}},"1":{"start":{"line":2,"column":20},"end":{"line":2,"column":43}},"2":{"start":{"line":11,"column":4},"end":{"line":11,"column":21}},"3":{"start":{"line":15,"column":4},"end":{"line":15,"column":57}},"4":{"start":{"line":15,"column":18},"end":{"line":15,"column":57}},"5":{"start":{"line":16,"column":4},"end":{"line":16,"column":51}},"6":{"start":{"line":16,"column":15},"end":{"line":16,"column":51}},"7":{"start":{"line":17,"column":4},"end":{"line":19,"column":5}},"8":{"start":{"line":18,"column":6},"end":{"line":18,"column":51}},"9":{"start":{"line":20,"column":4},"end":{"line":22,"column":5}},"10":{"start":{"line":21,"column":6},"end":{"line":21,"column":60}},"11":{"start":{"line":24,"column":4},"end":{"line":24,"column":33}},"12":{"start":{"line":25,"column":4},"end":{"line":25,"column":27}},"13":{"start":{"line":26,"column":4},"end":{"line":26,"column":55}},"14":{"start":{"line":27,"column":4},"end":{"line":27,"column":55}},"15":{"start":{"line":28,"column":4},"end":{"line":28,"column":21}},"16":{"start":{"line":29,"column":4},"end":{"line":29,"column":21}},"17":{"start":{"line":39,"column":20},"end":{"line":39,"column":56}},"18":{"start":{"line":40,"column":4},"end":{"line":42,"column":22}},"19":{"start":{"line":41,"column":30},"end":{"line":41,"column":48}},"20":{"start":{"line":52,"column":25},"end":{"line":52,"column":56}},"21":{"start":{"line":53,"column":4},"end":{"line":53,"column":68}},"22":{"start":{"line":53,"column":23},"end":{"line":53,"column":68}},"23":{"start":{"line":54,"column":4},"end":{"line":54,"column":38}},"24":{"start":{"line":58,"column":4},"end":{"line":58,"column":39}},"25":{"start":{"line":62,"column":4},"end":{"line":62,"column":44}},"26":{"start":{"line":63,"column":4},"end":{"line":63,"column":31}},"27":{"start":{"line":67,"column":4},"end":{"line":67,"column":51}},"28":{"start":{"line":71,"column":4},"end":{"line":73,"column":5}},"29":{"start":{"line":72,"column":6},"end":{"line":72,"column":55}},"30":{"start":{"line":74,"column":4},"end":{"line":74,"column":28}},"31":{"start":{"line":75,"column":4},"end":{"line":75,"column":44}},"32":{"start":{"line":77,"column":4},"end":{"line":77,"column":30}},"33":{"start":{"line":78,"column":4},"end":{"line":78,"column":58}},"34":{"start":{"line":82,"column":21},"end":{"line":82,"column":49}},"35":{"start":{"line":83,"column":4},"end":{"line":83,"column":16}},"36":{"start":{"line":87,"column":4},"end":{"line":87,"column":45}},"37":{"start":{"line":91,"column":4},"end":{"line":91,"column":27}},"38":{"start":{"line":100,"column":4},"end":{"line":100,"column":29}},"39":{"start":{"line":100,"column":16},"end":{"line":100,"column":29}},"40":{"start":{"line":101,"column":4},"end":{"line":112,"column":5}},"41":{"start":{"line":102,"column":23},"end":{"line":102,"column":47}},"42":{"start":{"line":103,"column":29},"end":{"line":108,"column":7}},"43":{"start":{"line":109,"column":6},"end":{"line":109,"column":57}},"44":{"start":{"line":111,"column":6},"end":{"line":111,"column":19}},"45":{"start":{"line":116,"column":0},"end":{"line":116,"column":35}}},"fnMap":{"0":{"name":"(anonymous_0)","decl":{"start":{"line":14,"column":2},"end":{"line":14,"column":3}},"loc":{"start":{"line":14,"column":65},"end":{"line":30,"column":3}},"line":14},"1":{"name":"(anonymous_1)","decl":{"start":{"line":38,"column":2},"end":{"line":38,"column":3}},"loc":{"start":{"line":38,"column":47},"end":{"line":43,"column":3}},"line":38},"2":{"name":"(anonymous_2)","decl":{"start":{"line":41,"column":20},"end":{"line":41,"column":21}},"loc":{"start":{"line":41,"column":30},"end":{"line":41,"column":48}},"line":41},"3":{"name":"(anonymous_3)","decl":{"start":{"line":51,"column":2},"end":{"line":51,"column":3}},"loc":{"start":{"line":51,"column":33},"end":{"line":55,"column":3}},"line":51},"4":{"name":"(anonymous_4)","decl":{"start":{"line":57,"column":2},"end":{"line":57,"column":3}},"loc":{"start":{"line":57,"column":29},"end":{"line":59,"column":3}},"line":57},"5":{"name":"(anonymous_5)","decl":{"start":{"line":61,"column":2},"end":{"line":61,"column":3}},"loc":{"start":{"line":61,"column":9},"end":{"line":64,"column":3}},"line":61},"6":{"name":"(anonymous_6)","decl":{"start":{"line":66,"column":2},"end":{"line":66,"column":3}},"loc":{"start":{"line":66,"column":12},"end":{"line":68,"column":3}},"line":66},"7":{"name":"(anonymous_7)","decl":{"start":{"line":70,"column":2},"end":{"line":70,"column":3}},"loc":{"start":{"line":70,"column":22},"end":{"line":79,"column":3}},"line":70},"8":{"name":"(anonymous_8)","decl":{"start":{"line":81,"column":2},"end":{"line":81,"column":3}},"loc":{"start":{"line":81,"column":17},"end":{"line":84,"column":3}},"line":81},"9":{"name":"(anonymous_9)","decl":{"start":{"line":86,"column":2},"end":{"line":86,"column":3}},"loc":{"start":{"line":86,"column":15},"end":{"line":88,"column":3}},"line":86},"10":{"name":"(anonymous_10)","decl":{"start":{"line":90,"column":2},"end":{"line":90,"column":3}},"loc":{"start":{"line":90,"column":16},"end":{"line":92,"column":3}},"line":90},"11":{"name":"(anonymous_11)","decl":{"start":{"line":99,"column":2},"end":{"line":99,"column":3}},"loc":{"start":{"line":99,"column":32},"end":{"line":113,"column":3}},"line":99}},"branchMap":{"0":{"loc":{"start":{"line":14,"column":53},"end":{"line":14,"column":61}},"type":"default-arg","locations":[{"start":{"line":14,"column":60},"end":{"line":14,"column":61}}],"line":14},"1":{"loc":{"start":{"line":15,"column":4},"end":{"line":15,"column":57}},"type":"if","locations":[{"start":{"line":15,"column":4},"end":{"line":15,"column":57}},{"start":{},"end":{}}],"line":15},"2":{"loc":{"start":{"line":16,"column":4},"end":{"line":16,"column":51}},"type":"if","locations":[{"start":{"line":16,"column":4},"end":{"line":16,"column":51}},{"start":{},"end":{}}],"line":16},"3":{"loc":{"start":{"line":17,"column":4},"end":{"line":19,"column":5}},"type":"if","locations":[{"start":{"line":17,"column":4},"end":{"line":19,"column":5}},{"start":{},"end":{}}],"line":17},"4":{"loc":{"start":{"line":20,"column":4},"end":{"line":22,"column":5}},"type":"if","locations":[{"start":{"line":20,"column":4},"end":{"line":22,"column":5}},{"start":{},"end":{}}],"line":20},"5":{"loc":{"start":{"line":20,"column":8},"end":{"line":20,"column":44}},"type":"binary-expr","locations":[{"start":{"line":20,"column":8},"end":{"line":20,"column":32}},{"start":{"line":20,"column":36},"end":{"line":20,"column":44}}],"line":20},"6":{"loc":{"start":{"line":24,"column":14},"end":{"line":24,"column":32}},"type":"binary-expr","locations":[{"start":{"line":24,"column":14},"end":{"line":24,"column":16}},{"start":{"line":24,"column":20},"end":{"line":24,"column":32}}],"line":24},"7":{"loc":{"start":{"line":26,"column":19},"end":{"line":26,"column":54}},"type":"binary-expr","locations":[{"start":{"line":26,"column":19},"end":{"line":26,"column":26}},{"start":{"line":26,"column":30},"end":{"line":26,"column":54}}],"line":26},"8":{"loc":{"start":{"line":27,"column":19},"end":{"line":27,"column":54}},"type":"binary-expr","locations":[{"start":{"line":27,"column":19},"end":{"line":27,"column":26}},{"start":{"line":27,"column":30},"end":{"line":27,"column":54}}],"line":27},"9":{"loc":{"start":{"line":38,"column":31},"end":{"line":38,"column":45}},"type":"default-arg","locations":[{"start":{"line":38,"column":40},"end":{"line":38,"column":45}}],"line":38},"10":{"loc":{"start":{"line":40,"column":11},"end":{"line":42,"column":21}},"type":"cond-expr","locations":[{"start":{"line":41,"column":8},"end":{"line":41,"column":49}},{"start":{"line":42,"column":8},"end":{"line":42,"column":21}}],"line":40},"11":{"loc":{"start":{"line":40,"column":11},"end":{"line":40,"column":28}},"type":"binary-expr","locations":[{"start":{"line":40,"column":11},"end":{"line":40,"column":17}},{"start":{"line":40,"column":21},"end":{"line":40,"column":28}}],"line":40},"12":{"loc":{"start":{"line":42,"column":8},"end":{"line":42,"column":21}},"type":"binary-expr","locations":[{"start":{"line":42,"column":8},"end":{"line":42,"column":15}},{"start":{"line":42,"column":19},"end":{"line":42,"column":21}}],"line":42},"13":{"loc":{"start":{"line":53,"column":4},"end":{"line":53,"column":68}},"type":"if","locations":[{"start":{"line":53,"column":4},"end":{"line":53,"column":68}},{"start":{},"end":{}}],"line":53},"14":{"loc":{"start":{"line":71,"column":4},"end":{"line":73,"column":5}},"type":"if","locations":[{"start":{"line":71,"column":4},"end":{"line":73,"column":5}},{"start":{},"end":{}}],"line":71},"15":{"loc":{"start":{"line":100,"column":4},"end":{"line":100,"column":29}},"type":"if","locations":[{"start":{"line":100,"column":4},"end":{"line":100,"column":29}},{"start":{},"end":{}}],"line":100}},"s":{"0":5,"1":5,"2":5,"3":39,"4":2,"5":37,"6":1,"7":36,"8":1,"9":35,"10":2,"11":33,"12":33,"13":33,"14":33,"15":33,"16":33,"17":4,"18":4,"19":1,"20":7,"21":7,"22":1,"23":6,"24":1,"25":7,"26":7,"27":2,"28":13,"29":1,"30":12,"31":12,"32":12,"33":12,"34":4,"35":4,"36":1,"37":1,"38":50,"39":0,"40":50,"41":50,"42":50,"43":50,"44":0,"45":5},"f":{"0":39,"1":4,"2":1,"3":7,"4":1,"5":7,"6":2,"7":13,"8":4,"9":1,"10":1,"11":50},"b":{"0":[2],"1":[2,37],"2":[1,36],"3":[1,35],"4":[2,33],"5":[35,34],"6":[33,25],"7":[33,26],"8":[33,26],"9":[2],"10":[1,3],"11":[4,1],"12":[3,0],"13":[1,6],"14":[1,12],"15":[0,50]},"_coverageSchema":"1a1c01bbd47fc00a2c39e90264f33305004495a9","hash":"0aa12ed331706c398cccea4a8b53f67df63348cf"}
,"C:\\Users\\jjddo\\Desktop\\CCP555\\fragments-main\\fragments-main\\lab7\\assignment-01\\lab5\\src\\model\\data\\index.js": {"path":"C:\\Users\\jjddo\\Desktop\\CCP555\\fragments-main\\fragments-main\\lab7\\assignment-01\\lab5\\src\\model\\data\\index.js","statementMap":{"0":{"start":{"line":1,"column":0},"end":{"line":1,"column":37}}},"fnMap":{},"branchMap":{},"s":{"0":5},"f":{},"b":{},"_coverageSchema":"1a1c01bbd47fc00a2c39e90264f33305004495a9","hash":"21ce950f3f6bfff23d8d76e31b6f2ed76d9190e2"}
,"C:\\Users\\jjddo\\Desktop\\CCP555\\fragments-main\\fragments-main\\lab7\\assignment-01\\lab5\\src\\model\\data\\memory\\index.js": {"path":"C:\\Users\\jjddo\\Desktop\\CCP555\\fragments-main\\fragments-main\\lab7\\assignment-01\\lab5\\src\\model\\data\\memory\\index.js","statementMap":{"0":{"start":{"line":1,"column":17},"end":{"line":1,"column":39}},"1":{"start":{"line":6,"column":13},"end":{"line":6,"column":27}},"2":{"start":{"line":7,"column":17},"end":{"line":7,"column":31}},"3":{"start":{"line":13,"column":21},"end":{"line":13,"column":45}},"4":{"start":{"line":14,"column":2},"end":{"line":14,"column":65}},"5":{"start":{"line":22,"column":21},"end":{"line":22,"column":52}},"6":{"start":{"line":23,"column":2},"end":{"line":23,"column":78}},"7":{"start":{"line":28,"column":2},"end":{"line":28,"column":39}},"8":{"start":{"line":33,"column":2},"end":{"line":33,"column":31}},"9":{"start":{"line":38,"column":20},"end":{"line":38,"column":49}},"10":{"start":{"line":41,"column":2},"end":{"line":43,"column":3}},"11":{"start":{"line":42,"column":4},"end":{"line":42,"column":14}},"12":{"start":{"line":46,"column":2},"end":{"line":48,"column":3}},"13":{"start":{"line":47,"column":4},"end":{"line":47,"column":105}},"14":{"start":{"line":47,"column":40},"end":{"line":47,"column":102}},"15":{"start":{"line":51,"column":2},"end":{"line":51,"column":109}},"16":{"start":{"line":51,"column":38},"end":{"line":51,"column":106}},"17":{"start":{"line":56,"column":2},"end":{"line":61,"column":5}},"18":{"start":{"line":64,"column":0},"end":{"line":64,"column":45}},"19":{"start":{"line":65,"column":0},"end":{"line":65,"column":45}},"20":{"start":{"line":66,"column":0},"end":{"line":66,"column":43}},"21":{"start":{"line":67,"column":0},"end":{"line":67,"column":53}},"22":{"start":{"line":68,"column":0},"end":{"line":68,"column":51}},"23":{"start":{"line":69,"column":0},"end":{"line":69,"column":47}}},"fnMap":{"0":{"name":"writeFragment","decl":{"start":{"line":10,"column":9},"end":{"line":10,"column":22}},"loc":{"start":{"line":10,"column":33},"end":{"line":15,"column":1}},"line":10},"1":{"name":"readFragment","decl":{"start":{"line":18,"column":15},"end":{"line":18,"column":27}},"loc":{"start":{"line":18,"column":41},"end":{"line":24,"column":1}},"line":18},"2":{"name":"writeFragmentData","decl":{"start":{"line":27,"column":9},"end":{"line":27,"column":26}},"loc":{"start":{"line":27,"column":48},"end":{"line":29,"column":1}},"line":27},"3":{"name":"readFragmentData","decl":{"start":{"line":32,"column":9},"end":{"line":32,"column":25}},"loc":{"start":{"line":32,"column":39},"end":{"line":34,"column":1}},"line":32},"4":{"name":"listFragments","decl":{"start":{"line":37,"column":15},"end":{"line":37,"column":28}},"loc":{"start":{"line":37,"column":54},"end":{"line":52,"column":1}},"line":37},"5":{"name":"(anonymous_5)","decl":{"start":{"line":47,"column":25},"end":{"line":47,"column":26}},"loc":{"start":{"line":47,"column":40},"end":{"line":47,"column":102}},"line":47},"6":{"name":"(anonymous_6)","decl":{"start":{"line":51,"column":23},"end":{"line":51,"column":24}},"loc":{"start":{"line":51,"column":38},"end":{"line":51,"column":106}},"line":51},"7":{"name":"deleteFragment","decl":{"start":{"line":55,"column":9},"end":{"line":55,"column":23}},"loc":{"start":{"line":55,"column":37},"end":{"line":62,"column":1}},"line":55}},"branchMap":{"0":{"loc":{"start":{"line":23,"column":9},"end":{"line":23,"column":77}},"type":"cond-expr","locations":[{"start":{"line":23,"column":42},"end":{"line":23,"column":64}},{"start":{"line":23,"column":67},"end":{"line":23,"column":77}}],"line":23},"1":{"loc":{"start":{"line":37,"column":38},"end":{"line":37,"column":52}},"type":"default-arg","locations":[{"start":{"line":37,"column":47},"end":{"line":37,"column":52}}],"line":37},"2":{"loc":{"start":{"line":41,"column":2},"end":{"line":43,"column":3}},"type":"if","locations":[{"start":{"line":41,"column":2},"end":{"line":43,"column":3}},{"start":{},"end":{}}],"line":41},"3":{"loc":{"start":{"line":46,"column":2},"end":{"line":48,"column":3}},"type":"if","locations":[{"start":{"line":46,"column":2},"end":{"line":48,"column":3}},{"start":{},"end":{}}],"line":46},"4":{"loc":{"start":{"line":47,"column":40},"end":{"line":47,"column":102}},"type":"cond-expr","locations":[{"start":{"line":47,"column":71},"end":{"line":47,"column":91}},{"start":{"line":47,"column":94},"end":{"line":47,"column":102}}],"line":47},"5":{"loc":{"start":{"line":51,"column":38},"end":{"line":51,"column":106}},"type":"cond-expr","locations":[{"start":{"line":51,"column":69},"end":{"line":51,"column":92}},{"start":{"line":51,"column":95},"end":{"line":51,"column":106}}],"line":51}},"s":{"0":5,"1":5,"2":5,"3":19,"4":19,"5":7,"6":7,"7":12,"8":2,"9":4,"10":4,"11":0,"12":4,"13":1,"14":1,"15":3,"16":1,"17":1,"18":5,"19":5,"20":5,"21":5,"22":5,"23":5},"f":{"0":19,"1":7,"2":12,"3":2,"4":4,"5":1,"6":1,"7":1},"b":{"0":[6,1],"1":[0],"2":[0,4],"3":[1,3],"4":[1,0],"5":[1,0]},"_coverageSchema":"1a1c01bbd47fc00a2c39e90264f33305004495a9","hash":"5e5fbf4c30ad704a583899980d24f448d97c868c"}
,"C:\\Users\\jjddo\\Desktop\\CCP555\\fragments-main\\fragments-main\\lab7\\assignment-01\\lab5\\src\\model\\data\\memory\\memory-db.js": {"path":"C:\\Users\\jjddo\\Desktop\\CCP555\\fragments-main\\fragments-main\\lab7\\assignment-01\\lab5\\src\\model\\data\\memory\\memory-db.js","statementMap":{"0":{"start":{"line":1,"column":20},"end":{"line":1,"column":52}},"1":{"start":{"line":1,"column":29},"end":{"line":1,"column":52}},"2":{"start":{"line":6,"column":4},"end":{"line":6,"column":17}},"3":{"start":{"line":16,"column":4},"end":{"line":20,"column":5}},"4":{"start":{"line":17,"column":6},"end":{"line":19,"column":8}},"5":{"start":{"line":22,"column":15},"end":{"line":22,"column":22}},"6":{"start":{"line":23,"column":18},"end":{"line":23,"column":64}},"7":{"start":{"line":24,"column":4},"end":{"line":24,"column":34}},"8":{"start":{"line":34,"column":4},"end":{"line":38,"column":5}},"9":{"start":{"line":35,"column":6},"end":{"line":37,"column":8}},"10":{"start":{"line":40,"column":15},"end":{"line":40,"column":22}},"11":{"start":{"line":42,"column":4},"end":{"line":42,"column":42}},"12":{"start":{"line":44,"column":4},"end":{"line":44,"column":41}},"13":{"start":{"line":45,"column":4},"end":{"line":45,"column":29}},"14":{"start":{"line":55,"column":4},"end":{"line":57,"column":5}},"15":{"start":{"line":56,"column":6},"end":{"line":56,"column":85}},"16":{"start":{"line":60,"column":15},"end":{"line":60,"column":22}},"17":{"start":{"line":61,"column":19},"end":{"line":61,"column":70}},"18":{"start":{"line":62,"column":4},"end":{"line":62,"column":35}},"19":{"start":{"line":72,"column":4},"end":{"line":76,"column":5}},"20":{"start":{"line":73,"column":6},"end":{"line":75,"column":8}},"21":{"start":{"line":79,"column":4},"end":{"line":83,"column":5}},"22":{"start":{"line":80,"column":6},"end":{"line":82,"column":8}},"23":{"start":{"line":85,"column":15},"end":{"line":85,"column":22}},"24":{"start":{"line":86,"column":4},"end":{"line":86,"column":40}},"25":{"start":{"line":87,"column":4},"end":{"line":87,"column":29}},"26":{"start":{"line":91,"column":0},"end":{"line":91,"column":26}}},"fnMap":{"0":{"name":"(anonymous_0)","decl":{"start":{"line":1,"column":20},"end":{"line":1,"column":21}},"loc":{"start":{"line":1,"column":29},"end":{"line":1,"column":52}},"line":1},"1":{"name":"(anonymous_1)","decl":{"start":{"line":4,"column":2},"end":{"line":4,"column":3}},"loc":{"start":{"line":4,"column":16},"end":{"line":7,"column":3}},"line":4},"2":{"name":"(anonymous_2)","decl":{"start":{"line":15,"column":2},"end":{"line":15,"column":3}},"loc":{"start":{"line":15,"column":32},"end":{"line":25,"column":3}},"line":15},"3":{"name":"(anonymous_3)","decl":{"start":{"line":33,"column":2},"end":{"line":33,"column":3}},"loc":{"start":{"line":33,"column":39},"end":{"line":46,"column":3}},"line":33},"4":{"name":"(anonymous_4)","decl":{"start":{"line":54,"column":2},"end":{"line":54,"column":3}},"loc":{"start":{"line":54,"column":20},"end":{"line":63,"column":3}},"line":54},"5":{"name":"(anonymous_5)","decl":{"start":{"line":71,"column":2},"end":{"line":71,"column":3}},"loc":{"start":{"line":71,"column":38},"end":{"line":88,"column":3}},"line":71}},"branchMap":{"0":{"loc":{"start":{"line":16,"column":4},"end":{"line":20,"column":5}},"type":"if","locations":[{"start":{"line":16,"column":4},"end":{"line":20,"column":5}},{"start":{},"end":{}}],"line":16},"1":{"loc":{"start":{"line":16,"column":10},"end":{"line":16,"column":62}},"type":"binary-expr","locations":[{"start":{"line":16,"column":10},"end":{"line":16,"column":33}},{"start":{"line":16,"column":37},"end":{"line":16,"column":62}}],"line":16},"2":{"loc":{"start":{"line":23,"column":18},"end":{"line":23,"column":64}},"type":"binary-expr","locations":[{"start":{"line":23,"column":18},"end":{"line":23,"column":32}},{"start":{"line":23,"column":36},"end":{"line":23,"column":64}}],"line":23},"3":{"loc":{"start":{"line":34,"column":4},"end":{"line":38,"column":5}},"type":"if","locations":[{"start":{"line":34,"column":4},"end":{"line":38,"column":5}},{"start":{},"end":{}}],"line":34},"4":{"loc":{"start":{"line":34,"column":10},"end":{"line":34,"column":62}},"type":"binary-expr","locations":[{"start":{"line":34,"column":10},"end":{"line":34,"column":33}},{"start":{"line":34,"column":37},"end":{"line":34,"column":62}}],"line":34},"5":{"loc":{"start":{"line":42,"column":21},"end":{"line":42,"column":41}},"type":"binary-expr","locations":[{"start":{"line":42,"column":21},"end":{"line":42,"column":35}},{"start":{"line":42,"column":39},"end":{"line":42,"column":41}}],"line":42},"6":{"loc":{"start":{"line":55,"column":4},"end":{"line":57,"column":5}},"type":"if","locations":[{"start":{"line":55,"column":4},"end":{"line":57,"column":5}},{"start":{},"end":{}}],"line":55},"7":{"loc":{"start":{"line":61,"column":19},"end":{"line":61,"column":70}},"type":"cond-expr","locations":[{"start":{"line":61,"column":36},"end":{"line":61,"column":65}},{"start":{"line":61,"column":68},"end":{"line":61,"column":70}}],"line":61},"8":{"loc":{"start":{"line":72,"column":4},"end":{"line":76,"column":5}},"type":"if","locations":[{"start":{"line":72,"column":4},"end":{"line":76,"column":5}},{"start":{},"end":{}}],"line":72},"9":{"loc":{"start":{"line":72,"column":10},"end":{"line":72,"column":62}},"type":"binary-expr","locations":[{"start":{"line":72,"column":10},"end":{"line":72,"column":33}},{"start":{"line":72,"column":37},"end":{"line":72,"column":62}}],"line":72},"10":{"loc":{"start":{"line":79,"column":4},"end":{"line":83,"column":5}},"type":"if","locations":[{"start":{"line":79,"column":4},"end":{"line":83,"column":5}},{"start":{},"end":{}}],"line":79}},"s":{"0":6,"1":145,"2":22,"3":21,"4":3,"5":18,"6":18,"7":18,"8":45,"9":3,"10":42,"11":42,"12":42,"13":42,"14":8,"15":2,"16":6,"17":6,"18":6,"19":7,"20":3,"21":4,"22":1,"23":3,"24":3,"25":3,"26":6},"f":{"0":145,"1":22,"2":21,"3":45,"4":8,"5":7},"b":{"0":[3,18],"1":[21,18],"2":[18,17],"3":[3,42],"4":[45,42],"5":[42,21],"6":[2,6],"7":[3,3],"8":[3,4],"9":[7,4],"10":[1,3]},"_coverageSchema":"1a1c01bbd47fc00a2c39e90264f33305004495a9","hash":"4f189db3adb9bfcc0cce52e6c17a9922b3448efd"}
,"C:\\Users\\jjddo\\Desktop\\CCP555\\fragments-main\\fragments-main\\lab7\\assignment-01\\lab5\\src\\routes\\index.js": {"path":"C:\\Users\\jjddo\\Desktop\\CCP555\\fragments-main\\fragments-main\\lab7\\assignment-01\\lab5\\src\\routes\\index.js","statementMap":{"0":{"start":{"line":1,"column":16},"end":{"line":1,"column":34}},"1":{"start":{"line":4,"column":15},"end":{"line":4,"column":31}},"2":{"start":{"line":7,"column":28},"end":{"line":7,"column":57}},"3":{"start":{"line":10,"column":21},"end":{"line":10,"column":55}},"4":{"start":{"line":16,"column":0},"end":{"line":16,"column":60}},"5":{"start":{"line":22,"column":0},"end":{"line":29,"column":3}},"6":{"start":{"line":23,"column":2},"end":{"line":23,"column":45}},"7":{"start":{"line":24,"column":2},"end":{"line":28,"column":5}},"8":{"start":{"line":31,"column":0},"end":{"line":31,"column":24}}},"fnMap":{"0":{"name":"(anonymous_0)","decl":{"start":{"line":22,"column":16},"end":{"line":22,"column":17}},"loc":{"start":{"line":22,"column":30},"end":{"line":29,"column":1}},"line":22}},"branchMap":{"0":{"loc":{"start":{"line":26,"column":12},"end":{"line":26,"column":34}},"type":"binary-expr","locations":[{"start":{"line":26,"column":12},"end":{"line":26,"column":18}},{"start":{"line":26,"column":22},"end":{"line":26,"column":34}}],"line":26}},"s":{"0":4,"1":4,"2":4,"3":4,"4":4,"5":4,"6":0,"7":0,"8":4},"f":{"0":0},"b":{"0":[0,0]},"_coverageSchema":"1a1c01bbd47fc00a2c39e90264f33305004495a9","hash":"15b51a4238bcd9ef1fd4b9f27bd35bc6da7bd346"}
,"C:\\Users\\jjddo\\Desktop\\CCP555\\fragments-main\\fragments-main\\lab7\\assignment-01\\lab5\\src\\routes\\api\\index.js": {"path":"C:\\Users\\jjddo\\Desktop\\CCP555\\fragments-main\\fragments-main\\lab7\\assignment-01\\lab5\\src\\routes\\api\\index.js","statementMap":{"0":{"start":{"line":1,"column":16},"end":{"line":1,"column":34}},"1":{"start":{"line":2,"column":17},"end":{"line":2,"column":41}},"2":{"start":{"line":3,"column":21},"end":{"line":3,"column":52}},"3":{"start":{"line":4,"column":55},"end":{"line":4,"column":80}},"4":{"start":{"line":6,"column":15},"end":{"line":6,"column":31}},"5":{"start":{"line":12,"column":0},"end":{"line":21,"column":3}},"6":{"start":{"line":13,"column":2},"end":{"line":20,"column":3}},"7":{"start":{"line":14,"column":19},"end":{"line":14,"column":43}},"8":{"start":{"line":15,"column":22},"end":{"line":15,"column":61}},"9":{"start":{"line":16,"column":4},"end":{"line":16,"column":63}},"10":{"start":{"line":18,"column":4},"end":{"line":18,"column":54}},"11":{"start":{"line":19,"column":4},"end":{"line":19,"column":83}},"12":{"start":{"line":27,"column":0},"end":{"line":58,"column":3}},"13":{"start":{"line":28,"column":2},"end":{"line":57,"column":3}},"14":{"start":{"line":30,"column":22},"end":{"line":30,"column":46}},"15":{"start":{"line":31,"column":21},"end":{"line":31,"column":54}},"16":{"start":{"line":33,"column":4},"end":{"line":35,"column":5}},"17":{"start":{"line":34,"column":6},"end":{"line":34,"column":82}},"18":{"start":{"line":38,"column":4},"end":{"line":40,"column":5}},"19":{"start":{"line":39,"column":6},"end":{"line":39,"column":93}},"20":{"start":{"line":42,"column":17},"end":{"line":42,"column":41}},"21":{"start":{"line":45,"column":4},"end":{"line":49,"column":5}},"22":{"start":{"line":46,"column":19},"end":{"line":46,"column":51}},"23":{"start":{"line":47,"column":6},"end":{"line":47,"column":49}},"24":{"start":{"line":48,"column":6},"end":{"line":48,"column":28}},"25":{"start":{"line":52,"column":4},"end":{"line":52,"column":49}},"26":{"start":{"line":53,"column":4},"end":{"line":53,"column":31}},"27":{"start":{"line":55,"column":4},"end":{"line":55,"column":53}},"28":{"start":{"line":56,"column":4},"end":{"line":56,"column":82}},"29":{"start":{"line":64,"column":0},"end":{"line":75,"column":3}},"30":{"start":{"line":65,"column":2},"end":{"line":74,"column":3}},"31":{"start":{"line":66,"column":21},"end":{"line":66,"column":65}},"32":{"start":{"line":67,"column":4},"end":{"line":69,"column":5}},"33":{"start":{"line":68,"column":6},"end":{"line":68,"column":82}},"34":{"start":{"line":70,"column":4},"end":{"line":70,"column":62}},"35":{"start":{"line":72,"column":4},"end":{"line":72,"column":58}},"36":{"start":{"line":73,"column":4},"end":{"line":73,"column":87}},"37":{"start":{"line":81,"column":0},"end":{"line":108,"column":3}},"38":{"start":{"line":82,"column":15},"end":{"line":82,"column":38}},"39":{"start":{"line":84,"column":2},"end":{"line":86,"column":3}},"40":{"start":{"line":85,"column":4},"end":{"line":85,"column":95}},"41":{"start":{"line":88,"column":2},"end":{"line":107,"column":3}},"42":{"start":{"line":89,"column":17},"end":{"line":91,"column":87}},"43":{"start":{"line":93,"column":21},"end":{"line":97,"column":6}},"44":{"start":{"line":99,"column":4},"end":{"line":99,"column":33}},"45":{"start":{"line":101,"column":19},"end":{"line":101,"column":81}},"46":{"start":{"line":102,"column":4},"end":{"line":102,"column":71}},"47":{"start":{"line":103,"column":4},"end":{"line":103,"column":62}},"48":{"start":{"line":105,"column":4},"end":{"line":105,"column":40}},"49":{"start":{"line":106,"column":4},"end":{"line":106,"column":80}},"50":{"start":{"line":110,"column":0},"end":{"line":110,"column":24}}},"fnMap":{"0":{"name":"(anonymous_0)","decl":{"start":{"line":12,"column":25},"end":{"line":12,"column":26}},"loc":{"start":{"line":12,"column":45},"end":{"line":21,"column":1}},"line":12},"1":{"name":"(anonymous_1)","decl":{"start":{"line":27,"column":29},"end":{"line":27,"column":30}},"loc":{"start":{"line":27,"column":49},"end":{"line":58,"column":1}},"line":27},"2":{"name":"(anonymous_2)","decl":{"start":{"line":64,"column":34},"end":{"line":64,"column":35}},"loc":{"start":{"line":64,"column":54},"end":{"line":75,"column":1}},"line":64},"3":{"name":"(anonymous_3)","decl":{"start":{"line":81,"column":26},"end":{"line":81,"column":27}},"loc":{"start":{"line":81,"column":46},"end":{"line":108,"column":1}},"line":81}},"branchMap":{"0":{"loc":{"start":{"line":33,"column":4},"end":{"line":35,"column":5}},"type":"if","locations":[{"start":{"line":33,"column":4},"end":{"line":35,"column":5}},{"start":{},"end":{}}],"line":33},"1":{"loc":{"start":{"line":38,"column":4},"end":{"line":40,"column":5}},"type":"if","locations":[{"start":{"line":38,"column":4},"end":{"line":40,"column":5}},{"start":{},"end":{}}],"line":38},"2":{"loc":{"start":{"line":38,"column":8},"end":{"line":38,"column":29}},"type":"binary-expr","locations":[{"start":{"line":38,"column":8},"end":{"line":38,"column":11}},{"start":{"line":38,"column":15},"end":{"line":38,"column":29}}],"line":38},"3":{"loc":{"start":{"line":45,"column":4},"end":{"line":49,"column":5}},"type":"if","locations":[{"start":{"line":45,"column":4},"end":{"line":49,"column":5}},{"start":{},"end":{}}],"line":45},"4":{"loc":{"start":{"line":45,"column":8},"end":{"line":45,"column":59}},"type":"binary-expr","locations":[{"start":{"line":45,"column":8},"end":{"line":45,"column":22}},{"start":{"line":45,"column":26},"end":{"line":45,"column":59}}],"line":45},"5":{"loc":{"start":{"line":67,"column":4},"end":{"line":69,"column":5}},"type":"if","locations":[{"start":{"line":67,"column":4},"end":{"line":69,"column":5}},{"start":{},"end":{}}],"line":67},"6":{"loc":{"start":{"line":84,"column":2},"end":{"line":86,"column":3}},"type":"if","locations":[{"start":{"line":84,"column":2},"end":{"line":86,"column":3}},{"start":{},"end":{}}],"line":84},"7":{"loc":{"start":{"line":89,"column":17},"end":{"line":91,"column":87}},"type":"cond-expr","locations":[{"start":{"line":90,"column":8},"end":{"line":90,"column":16}},{"start":{"line":91,"column":8},"end":{"line":91,"column":87}}],"line":89},"8":{"loc":{"start":{"line":91,"column":20},"end":{"line":91,"column":86}},"type":"cond-expr","locations":[{"start":{"line":91,"column":51},"end":{"line":91,"column":59}},{"start":{"line":91,"column":62},"end":{"line":91,"column":86}}],"line":91},"9":{"loc":{"start":{"line":101,"column":19},"end":{"line":101,"column":81}},"type":"binary-expr","locations":[{"start":{"line":101,"column":19},"end":{"line":101,"column":38}},{"start":{"line":101,"column":42},"end":{"line":101,"column":81}}],"line":101}},"s":{"0":4,"1":4,"2":4,"3":4,"4":4,"5":4,"6":1,"7":1,"8":1,"9":1,"10":0,"11":0,"12":4,"13":2,"14":2,"15":2,"16":2,"17":0,"18":2,"19":1,"20":1,"21":1,"22":1,"23":1,"24":1,"25":0,"26":0,"27":0,"28":0,"29":4,"30":0,"31":0,"32":0,"33":0,"34":0,"35":0,"36":0,"37":4,"38":7,"39":7,"40":2,"41":5,"42":5,"43":5,"44":5,"45":5,"46":5,"47":5,"48":0,"49":0,"50":4},"f":{"0":1,"1":2,"2":0,"3":7},"b":{"0":[0,2],"1":[1,1],"2":[2,2],"3":[1,0],"4":[1,1],"5":[0,0],"6":[2,5],"7":[4,1],"8":[0,1],"9":[5,5]},"_coverageSchema":"1a1c01bbd47fc00a2c39e90264f33305004495a9","hash":"0f70d16170f6ecf417c2748430db32a79e5ea180"}
}
