TN:
SF:src\app.js
FN:36,(anonymous_0)
FN:42,(anonymous_1)
FNF:2
FNH:1
FNDA:1,(anonymous_0)
FNDA:0,(anonymous_1)
DA:1,4
DA:2,4
DA:3,4
DA:4,4
DA:5,4
DA:8,4
DA:10,4
DA:13,4
DA:16,4
DA:19,4
DA:24,4
DA:30,4
DA:33,4
DA:36,4
DA:37,1
DA:38,1
DA:42,4
DA:43,0
DA:46,0
DA:47,0
DA:50,0
DA:55,4
LF:22
LH:18
BRDA:50,0,0,0
BRDA:50,0,1,0
BRDA:51,1,0,0
BRDA:51,1,1,0
BRDA:51,2,0,0
BRDA:51,2,1,0
BRF:6
BRH:0
end_of_record
TN:
SF:src\hash.js
FN:22,(anonymous_0)
FNF:1
FNH:1
FNDA:13,(anonymous_0)
DA:16,5
DA:22,5
DA:24,13
DA:26,13
LF:4
LH:4
BRF:0
BRH:0
end_of_record
TN:
SF:src\logger.js
FNF:0
FNH:0
DA:2,4
DA:5,4
DA:10,4
DA:11,4
DA:20,4
LF:5
LH:5
BRDA:6,0,0,4
BRDA:6,0,1,4
BRDA:10,1,0,4
BRDA:10,1,1,0
BRF:4
BRH:3
end_of_record
TN:
SF:src\response.js
FN:11,createErrorResponse
FN:26,createSuccessResponse
FNF:2
FNH:2
FNDA:7,createErrorResponse
FNDA:6,createSuccessResponse
DA:12,7
DA:27,6
DA:33,4
DA:34,4
LF:4
LH:4
BRDA:26,0,0,0
BRF:1
BRH:0
end_of_record
TN:
SF:src\auth\auth-middleware.js
FN:11,(anonymous_0)
FN:12,(anonymous_1)
FN:19,callback
FNF:3
FNH:3
FNDA:4,(anonymous_0)
FNDA:13,(anonymous_1)
FNDA:13,callback
DA:1,4
DA:3,4
DA:4,4
DA:5,4
DA:11,4
DA:12,4
DA:21,13
DA:22,0
DA:23,0
DA:27,13
DA:28,3
DA:32,10
DA:33,10
DA:36,10
DA:41,13
LF:15
LH:13
BRDA:21,0,0,0
BRDA:21,0,1,13
BRDA:27,1,0,3
BRDA:27,1,1,10
BRF:4
BRH:3
end_of_record
TN:
SF:src\auth\index.js
FN:6,(anonymous_0)
FNF:1
FNH:1
FNDA:10,(anonymous_0)
DA:2,4
DA:3,4
DA:5,4
DA:7,10
DA:8,0
DA:11,10
DA:12,10
DA:14,10
DA:16,0
DA:21,4
LF:10
LH:8
BRDA:7,0,0,0
BRDA:7,0,1,10
BRF:2
BRH:1
end_of_record
TN:
SF:src\model\fragment.js
FN:14,(anonymous_0)
FN:38,(anonymous_1)
FN:41,(anonymous_2)
FN:51,(anonymous_3)
FN:57,(anonymous_4)
FN:61,(anonymous_5)
FN:66,(anonymous_6)
FN:70,(anonymous_7)
FN:81,(anonymous_8)
FN:86,(anonymous_9)
FN:90,(anonymous_10)
FN:99,(anonymous_11)
FNF:12
FNH:12
FNDA:39,(anonymous_0)
FNDA:4,(anonymous_1)
FNDA:1,(anonymous_2)
FNDA:7,(anonymous_3)
FNDA:1,(anonymous_4)
FNDA:7,(anonymous_5)
FNDA:2,(anonymous_6)
FNDA:13,(anonymous_7)
FNDA:4,(anonymous_8)
FNDA:1,(anonymous_9)
FNDA:1,(anonymous_10)
FNDA:50,(anonymous_11)
DA:1,5
DA:2,5
DA:11,5
DA:15,39
DA:16,37
DA:17,36
DA:18,1
DA:20,35
DA:21,2
DA:24,33
DA:25,33
DA:26,33
DA:27,33
DA:28,33
DA:29,33
DA:39,4
DA:40,4
DA:41,1
DA:52,7
DA:53,7
DA:54,6
DA:58,1
DA:62,7
DA:63,7
DA:67,2
DA:71,13
DA:72,1
DA:74,12
DA:75,12
DA:77,12
DA:78,12
DA:82,4
DA:83,4
DA:87,1
DA:91,1
DA:100,50
DA:101,50
DA:102,50
DA:103,50
DA:109,50
DA:111,0
DA:116,5
LF:42
LH:41
BRDA:14,0,0,2
BRDA:15,1,0,2
BRDA:15,1,1,37
BRDA:16,2,0,1
BRDA:16,2,1,36
BRDA:17,3,0,1
BRDA:17,3,1,35
BRDA:20,4,0,2
BRDA:20,4,1,33
BRDA:20,5,0,35
BRDA:20,5,1,34
BRDA:24,6,0,33
BRDA:24,6,1,25
BRDA:26,7,0,33
BRDA:26,7,1,26
BRDA:27,8,0,33
BRDA:27,8,1,26
BRDA:38,9,0,2
BRDA:40,10,0,1
BRDA:40,10,1,3
BRDA:40,11,0,4
BRDA:40,11,1,1
BRDA:42,12,0,3
BRDA:42,12,1,0
BRDA:53,13,0,1
BRDA:53,13,1,6
BRDA:71,14,0,1
BRDA:71,14,1,12
BRDA:100,15,0,0
BRDA:100,15,1,50
BRF:30
BRH:28
end_of_record
TN:
SF:src\model\data\index.js
FNF:0
FNH:0
DA:1,5
LF:1
LH:1
BRF:0
BRH:0
end_of_record
TN:
SF:src\model\data\memory\index.js
FN:10,writeFragment
FN:18,readFragment
FN:27,writeFragmentData
FN:32,readFragmentData
FN:37,listFragments
FN:47,(anonymous_5)
FN:51,(anonymous_6)
FN:55,deleteFragment
FNF:8
FNH:8
FNDA:19,writeFragment
FNDA:7,readFragment
FNDA:12,writeFragmentData
FNDA:2,readFragmentData
FNDA:4,listFragments
FNDA:1,(anonymous_5)
FNDA:1,(anonymous_6)
FNDA:1,deleteFragment
DA:1,5
DA:6,5
DA:7,5
DA:13,19
DA:14,19
DA:22,7
DA:23,7
DA:28,12
DA:33,2
DA:38,4
DA:41,4
DA:42,0
DA:46,4
DA:47,1
DA:51,3
DA:56,1
DA:64,5
DA:65,5
DA:66,5
DA:67,5
DA:68,5
DA:69,5
LF:22
LH:21
BRDA:23,0,0,6
BRDA:23,0,1,1
BRDA:37,1,0,0
BRDA:41,2,0,0
BRDA:41,2,1,4
BRDA:46,3,0,1
BRDA:46,3,1,3
BRDA:47,4,0,1
BRDA:47,4,1,0
BRDA:51,5,0,1
BRDA:51,5,1,0
BRF:11
BRH:7
end_of_record
TN:
SF:src\model\data\memory\memory-db.js
FN:1,(anonymous_0)
FN:4,(anonymous_1)
FN:15,(anonymous_2)
FN:33,(anonymous_3)
FN:54,(anonymous_4)
FN:71,(anonymous_5)
FNF:6
FNH:6
FNDA:145,(anonymous_0)
FNDA:22,(anonymous_1)
FNDA:21,(anonymous_2)
FNDA:45,(anonymous_3)
FNDA:8,(anonymous_4)
FNDA:7,(anonymous_5)
DA:1,145
DA:6,22
DA:16,21
DA:17,3
DA:22,18
DA:23,18
DA:24,18
DA:34,45
DA:35,3
DA:40,42
DA:42,42
DA:44,42
DA:45,42
DA:55,8
DA:56,2
DA:60,6
DA:61,6
DA:62,6
DA:72,7
DA:73,3
DA:79,4
DA:80,1
DA:85,3
DA:86,3
DA:87,3
DA:91,6
LF:26
LH:26
BRDA:16,0,0,3
BRDA:16,0,1,18
BRDA:16,1,0,21
BRDA:16,1,1,18
BRDA:23,2,0,18
BRDA:23,2,1,17
BRDA:34,3,0,3
BRDA:34,3,1,42
BRDA:34,4,0,45
BRDA:34,4,1,42
BRDA:42,5,0,42
BRDA:42,5,1,21
BRDA:55,6,0,2
BRDA:55,6,1,6
BRDA:61,7,0,3
BRDA:61,7,1,3
BRDA:72,8,0,3
BRDA:72,8,1,4
BRDA:72,9,0,7
BRDA:72,9,1,4
BRDA:79,10,0,1
BRDA:79,10,1,3
BRF:22
BRH:22
end_of_record
TN:
SF:src\routes\index.js
FN:22,(anonymous_0)
FNF:1
FNH:0
FNDA:0,(anonymous_0)
DA:1,4
DA:4,4
DA:7,4
DA:10,4
DA:16,4
DA:22,4
DA:23,0
DA:24,0
DA:31,4
LF:9
LH:7
BRDA:26,0,0,0
BRDA:26,0,1,0
BRF:2
BRH:0
end_of_record
TN:
SF:src\routes\api\index.js
FN:12,(anonymous_0)
FN:27,(anonymous_1)
FN:64,(anonymous_2)
FN:81,(anonymous_3)
FNF:4
FNH:3
FNDA:1,(anonymous_0)
FNDA:2,(anonymous_1)
FNDA:0,(anonymous_2)
FNDA:7,(anonymous_3)
DA:1,4
DA:2,4
DA:3,4
DA:4,4
DA:6,4
DA:12,4
DA:13,1
DA:14,1
DA:15,1
DA:16,1
DA:18,0
DA:19,0
DA:27,4
DA:28,2
DA:30,2
DA:31,2
DA:33,2
DA:34,0
DA:38,2
DA:39,1
DA:42,1
DA:45,1
DA:46,1
DA:47,1
DA:48,1
DA:52,0
DA:53,0
DA:55,0
DA:56,0
DA:64,4
DA:65,0
DA:66,0
DA:67,0
DA:68,0
DA:70,0
DA:72,0
DA:73,0
DA:81,4
DA:82,7
DA:84,7
DA:85,2
DA:88,5
DA:89,5
DA:93,5
DA:99,5
DA:101,5
DA:102,5
DA:103,5
DA:105,0
DA:106,0
DA:110,4
LF:51
LH:35
BRDA:33,0,0,0
BRDA:33,0,1,2
BRDA:38,1,0,1
BRDA:38,1,1,1
BRDA:38,2,0,2
BRDA:38,2,1,2
BRDA:45,3,0,1
BRDA:45,3,1,0
BRDA:45,4,0,1
BRDA:45,4,1,1
BRDA:67,5,0,0
BRDA:67,5,1,0
BRDA:84,6,0,2
BRDA:84,6,1,5
BRDA:89,7,0,4
BRDA:89,7,1,1
BRDA:91,8,0,0
BRDA:91,8,1,1
BRDA:101,9,0,5
BRDA:101,9,1,5
BRF:20
BRH:15
end_of_record
